[    0.000000] Initializing cgroup subsys cpuset
[    0.000000] Initializing cgroup subsys cpu
[    0.000000] Initializing cgroup subsys cpuacct
[    0.000000] Linux version 4.4.0-97-generic (buildd@lcy01-33) (gcc version 5.4.0 20160609 (Ubuntu 5.4.0-6ubuntu1~16.04.4) ) #120-Ubuntu SMP Tue Sep 19 17:28:18 UTC 2017 (Ubuntu 4.4.0-97.120-generic 4.4.87)
[    0.000000] Command line: BOOT_IMAGE=/boot/vmlinuz-4.4.0-97-generic root=LABEL=cloudimg-rootfs ro console=tty1 console=ttyS0
[    0.000000] KERNEL supported cpus:
[    0.000000]   Intel GenuineIntel
[    0.000000]   AMD AuthenticAMD
[    0.000000]   Centaur CentaurHauls
[    0.000000] x86/fpu: xstate_offset[2]:  576, xstate_sizes[2]:  256
[    0.000000] x86/fpu: Supporting XSAVE feature 0x01: 'x87 floating point registers'
[    0.000000] x86/fpu: Supporting XSAVE feature 0x02: 'SSE registers'
[    0.000000] x86/fpu: Supporting XSAVE feature 0x04: 'AVX registers'
[    0.000000] x86/fpu: Enabled xstate features 0x7, context size is 832 bytes, using 'standard' format.
[    0.000000] x86/fpu: Using 'lazy' FPU context switches.
[    0.000000] e820: BIOS-provided physical RAM map:
[    0.000000] BIOS-e820: [mem 0x0000000000000000-0x000000000009fbff] usable
[    0.000000] BIOS-e820: [mem 0x000000000009fc00-0x000000000009ffff] reserved
[    0.000000] BIOS-e820: [mem 0x00000000000f0000-0x00000000000fffff] reserved
[    0.000000] BIOS-e820: [mem 0x0000000000100000-0x000000003ffeffff] usable
[    0.000000] BIOS-e820: [mem 0x000000003fff0000-0x000000003fffffff] ACPI data
[    0.000000] BIOS-e820: [mem 0x00000000fec00000-0x00000000fec00fff] reserved
[    0.000000] BIOS-e820: [mem 0x00000000fee00000-0x00000000fee00fff] reserved
[    0.000000] BIOS-e820: [mem 0x00000000fffc0000-0x00000000ffffffff] reserved
[    0.000000] NX (Execute Disable) protection: active
[    0.000000] SMBIOS 2.5 present.
[    0.000000] Hypervisor detected: KVM
[    0.000000] e820: last_pfn = 0x3fff0 max_arch_pfn = 0x400000000
[    0.000000] MTRR: Disabled
[    0.000000] x86/PAT: MTRRs disabled, skipping PAT initialization too.
[    0.000000] CPU MTRRs all blank - virtualized system.
[    0.000000] x86/PAT: Configuration [0-7]: WB  WT  UC- UC  WB  WT  UC- UC  
[    0.000000] found SMP MP-table at [mem 0x0009fff0-0x0009ffff] mapped at [ffff88000009fff0]
[    0.000000] Scanning 1 areas for low memory corruption
[    0.000000] RAMDISK: [mem 0x36adc000-0x37565fff]
[    0.000000] ACPI: Early table checksum verification disabled
[    0.000000] ACPI: RSDP 0x00000000000E0000 000024 (v02 VBOX  )
[    0.000000] ACPI: XSDT 0x000000003FFF0030 00003C (v01 VBOX   VBOXXSDT 00000001 ASL  00000061)
[    0.000000] ACPI: FACP 0x000000003FFF00F0 0000F4 (v04 VBOX   VBOXFACP 00000001 ASL  00000061)
[    0.000000] ACPI: DSDT 0x000000003FFF0470 0021C8 (v02 VBOX   VBOXBIOS 00000002 INTL 20100528)
[    0.000000] ACPI: FACS 0x000000003FFF0200 000040
[    0.000000] ACPI: FACS 0x000000003FFF0200 000040
[    0.000000] ACPI: APIC 0x000000003FFF0240 00005C (v02 VBOX   VBOXAPIC 00000001 ASL  00000061)
[    0.000000] ACPI: SSDT 0x000000003FFF02A0 0001CC (v01 VBOX   VBOXCPUT 00000002 INTL 20100528)
[    0.000000] No NUMA configuration found
[    0.000000] Faking a node at [mem 0x0000000000000000-0x000000003ffeffff]
[    0.000000] NODE_DATA(0) allocated [mem 0x3ffeb000-0x3ffeffff]
[    0.000000] kvm-clock: Using msrs 4b564d01 and 4b564d00
[    0.000000] kvm-clock: cpu 0, msr 0:3ffe3001, primary cpu clock
[    0.000000] kvm-clock: using sched offset of 3482093193 cycles
[    0.000000] clocksource: kvm-clock: mask: 0xffffffffffffffff max_cycles: 0x1cd42e4dffb, max_idle_ns: 881590591483 ns
[    0.000000] Zone ranges:
[    0.000000]   DMA      [mem 0x0000000000001000-0x0000000000ffffff]
[    0.000000]   DMA32    [mem 0x0000000001000000-0x000000003ffeffff]
[    0.000000]   Normal   empty
[    0.000000]   Device   empty
[    0.000000] Movable zone start for each node
[    0.000000] Early memory node ranges
[    0.000000]   node   0: [mem 0x0000000000001000-0x000000000009efff]
[    0.000000]   node   0: [mem 0x0000000000100000-0x000000003ffeffff]
[    0.000000] Initmem setup node 0 [mem 0x0000000000001000-0x000000003ffeffff]
[    0.000000] ACPI: PM-Timer IO Port: 0x4008
[    0.000000] IOAPIC[0]: apic_id 2, version 32, address 0xfec00000, GSI 0-23
[    0.000000] ACPI: INT_SRC_OVR (bus 0 bus_irq 0 global_irq 2 dfl dfl)
[    0.000000] ACPI: INT_SRC_OVR (bus 0 bus_irq 9 global_irq 9 high level)
[    0.000000] Using ACPI (MADT) for SMP configuration information
[    0.000000] smpboot: Allowing 2 CPUs, 0 hotplug CPUs
[    0.000000] PM: Registered nosave memory: [mem 0x00000000-0x00000fff]
[    0.000000] PM: Registered nosave memory: [mem 0x0009f000-0x0009ffff]
[    0.000000] PM: Registered nosave memory: [mem 0x000a0000-0x000effff]
[    0.000000] PM: Registered nosave memory: [mem 0x000f0000-0x000fffff]
[    0.000000] e820: [mem 0x40000000-0xfebfffff] available for PCI devices
[    0.000000] Booting paravirtualized kernel on KVM
[    0.000000] clocksource: refined-jiffies: mask: 0xffffffff max_cycles: 0xffffffff, max_idle_ns: 7645519600211568 ns
[    0.000000] setup_percpu: NR_CPUS:512 nr_cpumask_bits:512 nr_cpu_ids:2 nr_node_ids:1
[    0.000000] PERCPU: Embedded 34 pages/cpu @ffff88003fc00000 s98328 r8192 d32744 u1048576
[    0.000000] PV qspinlock hash table entries: 256 (order: 0, 4096 bytes)
[    0.000000] Built 1 zonelists in Node order, mobility grouping on.  Total pages: 257913
[    0.000000] Policy zone: DMA32
[    0.000000] Kernel command line: BOOT_IMAGE=/boot/vmlinuz-4.4.0-97-generic root=LABEL=cloudimg-rootfs ro console=tty1 console=ttyS0
[    0.000000] PID hash table entries: 4096 (order: 3, 32768 bytes)
[    0.000000] Memory: 1001772K/1048120K available (8480K kernel code, 1294K rwdata, 3984K rodata, 1492K init, 1316K bss, 46348K reserved, 0K cma-reserved)
[    0.000000] SLUB: HWalign=64, Order=0-3, MinObjects=0, CPUs=2, Nodes=1
[    0.000000] Hierarchical RCU implementation.
[    0.000000] 	Build-time adjustment of leaf fanout to 64.
[    0.000000] 	RCU restricting CPUs from NR_CPUS=512 to nr_cpu_ids=2.
[    0.000000] RCU: Adjusting geometry for rcu_fanout_leaf=64, nr_cpu_ids=2
[    0.000000] NR_IRQS:33024 nr_irqs:440 16
[    0.000000] Console: colour VGA+ 80x25
[    0.000000] console [tty1] enabled
[    0.000000] console [ttyS0] enabled
[    0.000000] tsc: Detected 1995.381 MHz processor
[   15.601765] Calibrating delay loop (skipped) preset value.. 3990.76 BogoMIPS (lpj=7981524)
[   15.745748] pid_max: default: 32768 minimum: 301
[   15.846936] ACPI: Core revision 20150930
[   15.947796] ACPI: 2 ACPI AML tables successfully acquired and loaded
[   16.106021] Security Framework initialized
[   16.228387] Yama: becoming mindful.
[   16.327450] AppArmor: AppArmor initialized
[   16.430399] Dentry cache hash table entries: 131072 (order: 8, 1048576 bytes)
[   16.621198] Inode-cache hash table entries: 65536 (order: 7, 524288 bytes)
[   16.776322] Mount-cache hash table entries: 2048 (order: 2, 16384 bytes)
[   16.926200] Mountpoint-cache hash table entries: 2048 (order: 2, 16384 bytes)
[   17.123247] Initializing cgroup subsys io
[   17.210844] Initializing cgroup subsys memory
[   17.323952] Initializing cgroup subsys devices
[   17.435903] Initializing cgroup subsys freezer
[   17.556338] Initializing cgroup subsys net_cls
[   17.665446] Initializing cgroup subsys perf_event
[   17.796834] Initializing cgroup subsys net_prio
[   17.886646] Initializing cgroup subsys hugetlb
[   17.945226] Initializing cgroup subsys pids
[   18.064650] CPU: Physical Processor ID: 0
[   18.161412] CPU: Processor Core ID: 0
[   18.257422] mce: CPU supports 0 MCE banks
[   18.360972] Last level iTLB entries: 4KB 1024, 2MB 1024, 4MB 1024
[   18.529160] Last level dTLB entries: 4KB 1024, 2MB 1024, 4MB 1024, 1GB 4
[   18.718318] Freeing SMP alternatives memory: 32K
[   18.845240] ftrace: allocating 32148 entries in 126 pages
[   19.027080] smpboot: APIC(0) Converting physical 0 to logical package 0
[   19.188542] smpboot: Max logical packages: 1
[   19.316952] x2apic enabled
[   19.388048] Switched APIC routing to physical x2apic.
[   19.539627] ..TIMER: vector=0x30 apic1=0 pin1=2 apic2=-1 pin2=-1
[   19.825588] smpboot: CPU0: Intel(R) Core(TM) i7-4750HQ CPU @ 2.00GHz (family: 0x6, model: 0x46, stepping: 0x1)
[   20.057275] Performance Events: unsupported p6 CPU model 70 no PMU driver, software events only.
[   20.251113] KVM setup paravirtual spinlock
[   20.371109] x86: Booting SMP configuration:
[   20.490389] .... node  #0, CPUs:      #1
[   20.603404] kvm-clock: cpu 1, msr 0:3ffe3041, secondary cpu clock
[   20.778634] mce: CPU supports 0 MCE banks
[   20.884213] x86: Booted up 1 node, 2 CPUs
[   21.003503] smpboot: Total of 2 processors activated (7981.52 BogoMIPS)
[   21.198309] devtmpfs: initialized
[   21.266502] evm: security.selinux
[   21.340420] evm: security.SMACK64
[   21.435807] evm: security.SMACK64EXEC
[   21.541831] evm: security.SMACK64TRANSMUTE
[   21.656006] evm: security.SMACK64MMAP
[   21.759267] evm: security.ima
[   21.844522] evm: security.capability
[   21.952723] clocksource: jiffies: mask: 0xffffffff max_cycles: 0xffffffff, max_idle_ns: 7645041785100000 ns
[   22.228183] futex hash table entries: 512 (order: 3, 32768 bytes)
[   22.363991] pinctrl core: initialized pinctrl subsystem
[   22.469855] RTC time: 11:35:43, date: 01/19/18
[   22.598171] NET: Registered protocol family 16
[   22.748265] cpuidle: using governor ladder
[   22.883775] cpuidle: using governor menu
[   23.004997] PCCT header not found.
[   23.106039] ACPI: bus type PCI registered
[   23.206431] acpiphp: ACPI Hot Plug PCI Controller Driver version: 0.5
[   23.397181] PCI: Using configuration type 1 for base access
[   23.512239] ACPI: Added _OSI(Module Device)
[   23.625442] ACPI: Added _OSI(Processor Device)
[   23.758911] ACPI: Added _OSI(3.0 _SCP Extensions)
[   23.898003] ACPI: Added _OSI(Processor Aggregator Device)
[   24.054907] ACPI: Executed 1 blocks of module-level executable AML code
[   24.247247] ACPI: Interpreter enabled
[   24.342247] ACPI: (supports S0 S5)
[   24.436867] ACPI: Using IOAPIC for interrupt routing
[   24.584472] PCI: Using host bridge windows from ACPI; if necessary, use "pci=nocrs" and report a bug
[   24.834826] ACPI: PCI Root Bridge [PCI0] (domain 0000 [bus 00-ff])
[   25.009175] acpi PNP0A03:00: _OSC: OS supports [ASPM ClockPM Segments MSI]
[   25.206802] acpi PNP0A03:00: _OSC failed (AE_NOT_FOUND); disabling ASPM
[   25.405670] acpi PNP0A03:00: fail to add MMCONFIG information, can't access extended PCI configuration space under this bridge.
[   25.705344] PCI host bridge to bus 0000:00
[   25.785284] pci_bus 0000:00: root bus resource [io  0x0000-0x0cf7 window]
[   25.995995] pci_bus 0000:00: root bus resource [io  0x0d00-0xffff window]
[   26.201628] pci_bus 0000:00: root bus resource [mem 0x000a0000-0x000bffff window]
[   26.423735] pci_bus 0000:00: root bus resource [mem 0x40000000-0xffdfffff window]
[   26.642951] pci_bus 0000:00: root bus resource [bus 00-ff]
[   26.802590] pci 0000:00:01.1: legacy IDE quirk: reg 0x10: [io  0x01f0-0x01f7]
[   26.950892] pci 0000:00:01.1: legacy IDE quirk: reg 0x14: [io  0x03f6]
[   27.153644] pci 0000:00:01.1: legacy IDE quirk: reg 0x18: [io  0x0170-0x0177]
[   27.347049] pci 0000:00:01.1: legacy IDE quirk: reg 0x1c: [io  0x0376]
[   27.498028] pci 0000:00:07.0: quirk: [io  0x4000-0x403f] claimed by PIIX4 ACPI
[   27.600573] pci 0000:00:07.0: quirk: [io  0x4100-0x410f] claimed by PIIX4 SMB
[   27.766394] ACPI: PCI Interrupt Link [LNKA] (IRQs 5 9 10 *11)
[   27.899857] ACPI: PCI Interrupt Link [LNKB] (IRQs 5 9 10 *11)
[   28.015353] ACPI: PCI Interrupt Link [LNKC] (IRQs 5 9 *10 11)
[   28.162027] ACPI: PCI Interrupt Link [LNKD] (IRQs 5 *9 10 11)
[   28.316619] ACPI: Enabled 2 GPEs in block 00 to 07
[   28.452491] vgaarb: setting as boot device: PCI:0000:00:02.0
[   28.616544] vgaarb: device added: PCI:0000:00:02.0,decodes=io+mem,owns=io+mem,locks=none
[   28.869267] vgaarb: loaded
[   28.947383] vgaarb: bridge control possible 0000:00:02.0
[   29.064794] SCSI subsystem initialized
[   29.133991] ACPI: bus type USB registered
[   29.255474] usbcore: registered new interface driver usbfs
[   29.402925] usbcore: registered new interface driver hub
[   29.526745] usbcore: registered new device driver usb
[   29.678749] PCI: Using ACPI for IRQ routing
[   29.801718] NetLabel: Initializing
[   29.907400] NetLabel:  domain hash size = 128
[   29.995853] NetLabel:  protocols = UNLABELED CIPSOv4
[   30.125213] NetLabel:  unlabeled traffic allowed by default
[   30.206380] amd_nb: Cannot enumerate AMD northbridges
[   30.292343] clocksource: Switched to clocksource kvm-clock
[   30.464697] AppArmor: AppArmor Filesystem Enabled
[   30.607178] pnp: PnP ACPI init
[   30.691594] pnp: PnP ACPI: found 3 devices
[   30.828629] clocksource: acpi_pm: mask: 0xffffff max_cycles: 0xffffff, max_idle_ns: 2085701024 ns
[   31.076510] NET: Registered protocol family 2
[   31.210756] TCP established hash table entries: 8192 (order: 4, 65536 bytes)
[   31.412089] TCP bind hash table entries: 8192 (order: 5, 131072 bytes)
[   31.599836] TCP: Hash tables configured (established 8192 bind 8192)
[   31.791621] UDP hash table entries: 512 (order: 2, 16384 bytes)
[   31.963866] UDP-Lite hash table entries: 512 (order: 2, 16384 bytes)
[   32.154018] NET: Registered protocol family 1
[   32.283511] pci 0000:00:00.0: Limiting direct PCI/PCI transfers
[   32.451276] pci 0000:00:01.0: Activating ISA DMA hang workarounds
[   32.627550] Unpacking initramfs...
[   34.531402] Freeing initrd memory: 10792K
[   34.644834] platform rtc_cmos: registered platform RTC device (no PNP device found)
[   34.833093] Scanning for low memory corruption every 60 seconds
[   35.007465] audit: initializing netlink subsys (disabled)
[   35.160330] audit: type=2000 audit(1516361732.094:1): initialized
[   35.337441] Initialise system trusted keyring
[   35.462332] HugeTLB registered 2 MB page size, pre-allocated 0 pages
[   35.635576] zbud: loaded
[   35.707209] tsc: Refined TSC clocksource calibration: 1995.417 MHz
[   35.886652] clocksource: tsc: mask: 0xffffffffffffffff max_cycles: 0x398689d0f6e, max_idle_ns: 881590433971 ns
ÿ[   35.886943] VFS: Disk quotas dquot_6.6.0
[   35.886975] VFS: Dquot-cache hash table entries: 512 (order 0, 4096 bytes)
[   35.887195] squashfs: version 4.0 (2009/01/31) Phillip Lougher
[   35.887405] fuse init (API version 7.23)
[   35.887511] Key type big_key registered
[   35.887530] Allocating IMA MOK and blacklist keyrings.
[   35.887712] Key type asymmetric registered
[   35.887719] Asymmetric key parser 'x509' registered
[   35.887751] Block layer SCSI generic (bsg) driver version 0.4 loaded (major 249)
[   35.887777] io scheduler noop registered
[   35.887779] io scheduler deadline registered (default)
[   35.887804] io scheduler cfq registered
[   35.887892] pci_hotplug: PCI Hot Plug PCI Core version: 0.5
[   35.887897] pciehp: PCI Express Hot Plug Controller Driver version: 0.4
[   35.888287] ACPI: AC Adapter [AC] (off-line)
[   35.888341] input: Power Button as /devices/LNXSYSTM:00/LNXPWRBN:00/input/input0
[   35.888344] ACPI: Power Button [PWRF]
[   35.888454] input: Sleep Button as /devices/LNXSYSTM:00/LNXSLPBN:00/input/input1
[   35.888456] ACPI: Sleep Button [SLPF]
[   35.888598] GHES: HEST is not enabled!
[   35.889743] ACPI: Battery Slot [BAT0] (battery present)
[   35.889789] Serial: 8250/16550 driver, 32 ports, IRQ sharing enabled
[   36.176143] 00:02: ttyS0 at I/O 0x3f8 (irq = 4, base_baud = 115200) is a 16550A
[   36.292772] Linux agpgart interface v0.103
[   36.357006] loop: module loaded
[   36.357528] scsi host0: ata_piix
[   36.357579] scsi host1: ata_piix
[   36.357605] ata1: PATA max UDMA/33 cmd 0x1f0 ctl 0x3f6 bmdma 0xd000 irq 14
[   36.357606] ata2: PATA max UDMA/33 cmd 0x170 ctl 0x376 bmdma 0xd008 irq 15
[   36.357677] libphy: Fixed MDIO Bus: probed
[   36.357679] tun: Universal TUN/TAP device driver, 1.6
[   36.357679] tun: (C) 1999-2004 Max Krasnyansky <maxk@qualcomm.com>
[   36.358030] PPP generic driver version 2.4.2
[   36.358084] ehci_hcd: USB 2.0 'Enhanced' Host Controller (EHCI) Driver
[   36.358088] ehci-pci: EHCI PCI platform driver
[   36.358103] ehci-platform: EHCI generic platform driver
[   36.358110] ohci_hcd: USB 1.1 'Open' Host Controller (OHCI) Driver
[   36.358114] ohci-pci: OHCI PCI platform driver
[   36.358122] ohci-platform: OHCI generic platform driver
[   36.358128] uhci_hcd: USB Universal Host Controller Interface driver
[   36.358182] i8042: PNP: PS/2 Controller [PNP0303:PS2K,PNP0f03:PS2M] at 0x60,0x64 irq 1,12
[   36.490259] serio: i8042 KBD port at 0x60,0x64 irq 1
[   36.490266] serio: i8042 AUX port at 0x60,0x64 irq 12
[   36.490400] mousedev: PS/2 mouse device common for all mice
[   36.490716] rtc_cmos rtc_cmos: rtc core: registered rtc_cmos as rtc0
[   36.490766] rtc_cmos rtc_cmos: alarms up to one day, 114 bytes nvram
[   36.490772] i2c /dev entries driver
[   36.490825] device-mapper: uevent: version 1.0.3
[   36.490872] device-mapper: ioctl: 4.34.0-ioctl (2015-10-28) initialised: dm-devel@redhat.com
[   36.490887] ledtrig-cpu: registered to indicate activity on CPUs
[   36.491135] NET: Registered protocol family 10
[   36.491289] NET: Registered protocol family 17
[   36.491299] Key type dns_resolver registered
[   36.608101] microcode: CPU0 sig=0x40661, pf=0x40, revision=0x0
[   36.608134] microcode: CPU1 sig=0x40661, pf=0x40, revision=0x0
[   36.608247] microcode: Microcode Update Driver: v2.01 <tigran@aivazian.fsnet.co.uk>, Peter Oruba
[   36.608369] registered taskstats version 1
[   36.608385] Loading compiled-in X.509 certificates
[   36.609139] Loaded X.509 cert 'Build time autogenerated kernel key: d1010f9627fd9242df4b03365d2931dfd1ad3d42'
[   36.609160] zswap: loaded using pool lzo/zbud
[   36.610385] Key type trusted registered
[   36.612313] Key type encrypted registered
[   36.612318] AppArmor: AppArmor sha1 policy hashing enabled
[   36.612321] ima: No TPM chip found, activating TPM-bypass!
[   36.612337] evm: HMAC attrs: 0x1
[   36.612747]   Magic number: 2:591:580
[   36.752746] rtc_cmos rtc_cmos: setting system clock to 2018-01-19 11:35:58 UTC (1516361758)
[   36.752890] BIOS EDD facility v0.16 2004-Jun-25, 0 devices found
[   36.752890] EDD information not available.
[   37.379600] input: AT Translated Set 2 keyboard as /devices/platform/i8042/serio0/input/input2
[   45.400148] Freeing unused kernel memory: 1492K
[   45.534086] Write protecting the kernel read-only data: 14336k
[   45.670906] Freeing unused kernel memory: 1748K
[   45.805871] Freeing unused kernel memory: 112K
Loading, please wait...
[   45.911230] random: systemd-udevd: uninitialized urandom read (16 bytes read, 5 bits of entropy available)
starting version[   45.912860] random: udevadm: uninitialized urandom read (16 bytes read, 5 bits of entropy available)
 229
[   45.912908] random: udevadm: uninitialized urandom read (16 bytes read, 5 bits of entropy available)
[   45.913080] random: udevadm: uninitialized urandom read (16 bytes read, 5 bits of entropy available)
[   45.913140] random: udevadm: uninitialized urandom read (16 bytes read, 5 bits of entropy available)
[   45.913200] random: udevadm: uninitialized urandom read (16 bytes read, 5 bits of entropy available)
[   45.913253] random: udevadm: uninitialized urandom read (16 bytes read, 5 bits of entropy available)
[   45.913300] random: udevadm: uninitialized urandom read (16 bytes read, 5 bits of entropy available)
[   45.913426] random: udevadm: uninitialized urandom read (16 bytes read, 5 bits of entropy available)
[   45.913514] random: udevadm: uninitialized urandom read (16 bytes read, 5 bits of entropy available)
[   48.237008] e1000: Intel(R) PRO/1000 Network Driver - version 7.3.21-k8-NAPI
[   48.400486] e1000: Copyright (c) 1999-2006 Intel Corporation.
[   48.553907] Fusion MPT base driver 3.04.20
[   48.667562] Copyright (c) 1999-2008 LSI Corporation
[   48.815243] AVX version of gcm_enc/dec engaged.
[   48.933813] AES CTR mode by8 optimization enabled
[   49.087211] Fusion MPT SPI Host driver 3.04.20
[   49.193710] input: ImExPS/2 Generic Explorer Mouse as /devices/platform/i8042/serio1/input/input4
[   49.446268] e1000 0000:00:03.0 eth0: (PCI:33MHz:32-bit) 02:14:68:3e:84:47
[   49.615805] e1000 0000:00:03.0 eth0: Intel(R) PRO/1000 Network Connection
[   50.182146] e1000 0000:00:08.0 eth1: (PCI:33MHz:32-bit) 08:00:27:4e:c1:c0
[   50.357408] e1000 0000:00:08.0 eth1: Intel(R) PRO/1000 Network Connection
[   50.515933] e1000 0000:00:03.0 enp0s3: renamed from eth0
[   50.690405] mptbase: ioc0: Initiating bringup
[   50.849118] e1000 0000:00:08.0 enp0s8: renamed from eth1
[   51.048792] ioc0: LSI53C1030 A0: Capabilities={Initiator}
[   51.423965] scsi host2: ioc0: LSI53C1030 A0, FwRev=00000000h, Ports=1, MaxQ=256, IRQ=20
[   51.705354] scsi 2:0:0:0: Direct-Access     VBOX     HARDDISK         1.0  PQ: 0 ANSI: 5
[   51.968991] scsi target2:0:0: Beginning Domain Validation
[   51.969016] floppy0: no floppy controllers found
[   51.969107] work still pending
[   52.416310] scsi target2:0:0: Domain Validation skipping write tests
[   52.622901] scsi target2:0:0: Ending Domain Validation
[   52.702464] scsi target2:0:0: asynchronous
[   52.768821] scsi 2:0:1:0: Direct-Access     VBOX     HARDDISK         1.0  PQ: 0 ANSI: 5
[   53.093165] scsi target2:0:1: Beginning Domain Validation
[   53.202474] scsi target2:0:1: Domain Validation skipping write tests
[   53.419893] scsi target2:0:1: Ending Domain Validation
[   53.593706] scsi target2:0:1: asynchronous
[   53.750362] sd 2:0:0:0: Attached scsi generic sg0 type 0
[   53.750733] sd 2:0:0:0: [sda] 20971520 512-byte logical blocks: (10.7 GB/10.0 GiB)
[   53.751025] sd 2:0:0:0: [sda] Write Protect is off
[   53.751180] sd 2:0:0:0: [sda] Incomplete mode parameter data
[   53.751181] sd 2:0:0:0: [sda] Assuming drive cache: write through
[   53.834395]  sda: sda1
[   53.835417] sd 2:0:0:0: [sda] Attached SCSI disk
[   54.735450] sd 2:0:1:0: [sdb] 20480 512-byte logical blocks: (10.5 MB/10.0 MiB)
[   54.926967] sd 2:0:1:0: Attached scsi generic sg1 type 0
[   55.027724] sd 2:0:1:0: [sdb] Write Protect is off
[   55.160626] sd 2:0:1:0: [sdb] Incomplete mode parameter data
[   55.324338] sd 2:0:1:0: [sdb] Assuming drive cache: write through
[   55.504077] sd 2:0:1:0: [sdb] Attached SCSI disk
Begin: Loading e[   56.959488] md: linear personality registered for level -1
ssential drivers[   57.136988] md: multipath personality registered for level -4
 ... [   57.234270] md: raid0 personality registered for level 0
[   57.419268] md: raid1 personality registered for level 1
[   57.640545] raid6: sse2x1   gen()  8797 MB/s
[   57.828351] raid6: sse2x1   xor()  7199 MB/s
[   58.000459] raid6: sse2x2   gen()  8875 MB/s
[   58.144436] raid6: sse2x2   xor()  7450 MB/s
[   58.328541] raid6: sse2x4   gen() 11051 MB/s
[   58.512372] raid6: sse2x4   xor()  8975 MB/s
[   58.640073] raid6: using algorithm sse2x4 gen() 11051 MB/s
[   58.804888] raid6: .... xor() 8975 MB/s, rmw enabled
[   58.955950] raid6: using ssse3x2 recovery algorithm
[   59.100571] xor: automatically using best checksumming function:
[   59.406585]    avx       : 29082.000 MB/sec
[   59.458101] async_tx: api initialized (async)
[   59.597978] md: raid6 personality registered for level 6
[   59.751977] md: raid5 personality registered for level 5
[   59.917739] md: raid4 personality registered for level 4
[   60.071134] md: raid10 personality registered for level 10
done.
Begin: Running /scripts/init-p[   60.368294] Btrfs loaded
remount ... done.
Begin: Mounting root file sys[   60.488128] EXT4-fs (sda1): mounted filesystem with ordered data mode. Opts: (null)
tem ... Begin: Running /scripts/local-top ... done.
Begin: Running /scripts/local-premount ... Scanning for Btrfs filesystems
done.
Warning: fsck not present, so skipping root file system
done.
Begin: Running /scripts/local-bottom ... done.
Begin: Running /scripts/init-bottom ... done.
[   60.961539] systemd[1]: systemd 229 running in system mode. (+PAM +AUDIT +SELINUX +IMA +APPARMOR +SMACK +SYSVINIT +UTMP +LIBCRYPTSETUP +GCRYPT +GNUTLS +ACL +XZ -LZ4 +SECCOMP +BLKID +ELFUTILS +KMOD -IDN)
[   61.635557] systemd[1]: Detected virtualization oracle.
[   61.685233] systemd[1]: Detected architecture x86-64.

Welcome to [1mUbuntu 16.04.3 LTS[0m!

[   61.905430] systemd[1]: Set hostname to <ubuntu>.
[   62.100977] systemd[1]: Initializing machine ID from random generator.
[   62.353710] systemd[1]: Installed transient /etc/machine-id file.
[   62.731078] systemd[1]: Set up automount Arbitrary Executable File Formats File System Automount Point.
[[0;32m  OK  [0m] Set up automount Arbitrary Executab...ats File System Automount Point.
[   62.901112] systemd[1]: Listening on Syslog Socket.
[[0;32m  OK  [0m] Listening on Syslog Socket.
[   63.157958] ssstemd[1]: Started Forward Password Requests to Wall Directory Watch.
[[0;32m  OK  [0m] Started Forward Password Requests to Wall Directory Watch.
[   33.513284] systemd[1]: Listening on Journal Audit Socket.
[[0;32m  OK  [0m] Listening on Journal Audit Socket.
[   63.712837] systemd[1]: Listening on Journal Socket.
[[0;32m  OK  [0m] Listening on Journal Socket.
[   63.912770] systemd[1]: Listening on Journal Socket (/dev/log).
[[0;32m  OK  [0m] Listening on Journal Socket (/dev/log).
[   64.109141] systemd[1]: Listening on Device-mapper event daemon FIFOs.
[[0;32m  OK  [0m] Listening on Device-mapper event daemon FIFOs.
[   64.381372] systemd[1]: Created slice User and Session Slice.
[[0;32m  OK  [0m] Created slice User and Session Slice.
[   64.633177] systemd[1]: Listening on LVM2 metadata daemon socket.
[[0;32m  OK  [0m] Listening on LVM2 metadata daemon socket.
[   64.877146] systemd[1]: Listening on udev Kernel Socket.
[[0;32m  OK  [0m] Listening on udev Kernel Socket.
[   65.028755] systemd[1]: Started Trigger resolvconf update for networkd DNS.
[[0;32m  OK  [0m] Started Trigger resolvconf update for networkd DNS.
[   65.336816] systemd[1]: Listening on LVM2 poll daemon socket.
[[0;32m  OK  [0m] Listening on LVM2 poll daemon socket.
[   65.584856] systemd[1]: Reached target User and Group Name Lookups.
[[0;32m  OK  [0m] Reached target User and Group Name Lookups.
[   65.893569] systemd[1]: Created slice System Slice.
[[0;32m  OK  [0m] Created slice System Slice.
[   66.157083] systemd[1]: Starting Set console keymap...
[   66.158140] random: nonblocking pool is initialized
         Starting Set console keymap...
[   66.588951] systemd[1]: Starting Journal Service...
         Starting Journal Service...
[   66.836896] systemd[1]: Starting Remount Root and Kernel File Systems...
[   66.841627] EXT4-fs (sda1): re-mounted. Opts: (null)
         Starting Remount Root and Kernel File Systems...
[   67.268660] systemd[1]: Starting Create list of required static device nodes for the current kernel...
         Starting Create list of required st... nodes for the current kernel...
[   67.712839] systemd[1]: Starting Monitoring of LVM2 mirrors, snapshots etc. using dmeventd or progress polling...
         Starting Monitoring of LVM2 mirrors... dmeventd or progress polling...
[   68.140472] systemd[1]: Created slice system-serial\x2dgetty.slice.
[[0;32m  OK  [0m] Created slice system-serial\x2dgetty.slice.
[   68.401014] systemd[1]: Starting Load Kernel Modules...
[   68.518989] Loading iSCSI transport class v2.0-870.
         Startin[   68.667543] iscsi: registered transport (tcp)
g Load Kernel Modules...
[   68.830515] iscsi: registered transport (iser)
[   68.973049] systemd[1]: Starting Uncomplicated firewall...
         Starting Uncomplicated firewall...
[   69.225376] systemd[1]: Starting Nameserver information manager...
         Starting Nameserver information manager...
[   69.513189] systemd[1]: Reached target Encrypted Volumes.
[[0;32m  OK  [0m] Reached target Encrypted Volumes.
[   69.741068] systemd[1]: Reached target Swap.
[[0;32m  OK  [0m] Reached target Swap.
[   70.009002] systemd[1]: Mounting POSIX Message Queue File System...
         Mounting POSIX Message Queue File System...
[   70.357035] systemd[1]: Reached target Slices.
[[0;32m  OK  [0m] Reached target Slices.
[   70.572502] systemd[1]: Mounting Debug File System...
         Mounting Debug File System...
[   70.728875] systemd[1]: Listening on /dev/initctl Compatibility Named Pipe.
[[0;32m  OK  [0m] Listening on /dev/initctl Compatibility Named Pipe.
[   71.169319] systemd[1]: Listening on udev Control Socket.
[[0;32m  OK  [0m] Listening on udev Control Socket.
[   71.505138] systemd[1]: Mounting Huge Pages File System...
         Mounting Huge Pages File System...
[   71.741332] systemd[1]: Mounted Debug File System.
[[0;32m  OK  [0m] Mounted Debug File System.
[   72.024750] systemd[1]: Mounted Huge Pages File System.
[[0;32m  OK  [0m] Mounted Huge Pages File System.
[   72.340860] systemd[1]: Mounted POSIX Message Queue File System.
[[0;32m  OK  [0m] Mounted POSIX Message Queue File System.
[   72.697668] systemd[1]: Started Journal Service.
[[0;32m  OK  [0m] Started Journal Service.
[[0;32m  OK  [0m] Started Set console keymap.
[[0;32m  OK  [0m] Started Remount Root and Kernel File Systems.
[[0;32m  OK  [0m] Started Create list of required sta...ce nodes for the current kernel.
[[0;32m  OK  [0m] Started Load Kernel Modules.
[[0;32m  OK  [0m] Started Uncomplicated firewall.
[[0;32m  OK  [0m] Started Nameserver information manager.
[[0;32m  OK  [0m] Started LVM2 metadata daemon.
         Starting Apply Kernel Variables...
         Mounting FUSE Control File System...
         Starting Create Static Device Nodes in /dev...
         Starting udev Coldplug all Devices...
         Starting Load/Save Random Seed...
         Starting Initial cloud-init job (pre-networking)...
         Starting Flush Journal to Persistent Storage...
[[0;32m  OK  [0m] Mounted FUSE Control File System.
[[0;32m  OK  [0m] Started Apply Kernel Variables.
[[0;32m  OK  [0m] Started Create Static Device Nodes in /dev.
[[0;32m  OK  [0m] Started Load/Save Random Seed.
[[0;32m  OK  [0m] Started Monitoring of LVM2 mirrors,...ng dmeventd or progress polling.
[[0;32m  OK  [0m] Started udev Coldplug all Devices.
[[0;32m  OK  [0m] Started Flush Journal to Persistent Storage.
         Starting udev Kernel Device Manager...
[[0;32m  OK  [0m] Started udev Kernel Device Manager.
[[0;32m  OK  [0m] Started Dispatch Password Requests to Console Directory Watch.
[[0;32m  OK  [0m] Reached target Local File Systems (Pre).
[[0;32m  OK  [0m] Reached target Local File Systems.
[   44.946637] cloud-init[459]: Cloud-init v. 0.7.9 running 'init-local' at Fri, 19 Jan 2018 11:36:35 +0000. Up 44.68 seconds.
         Starting Commit a transient machine-id on disk...
         Starting Tell Plymouth To Write Out Runtime Data...
         Starting Create Volatile Files and Directories...
         Starting Set console font and keymap...
         Starting LSB: AppArmor initialization...
[[0;32m  OK  [0m] Started Commit a transient machine-id on disk.
[[0;32m  OK  [0m] Started Tell Plymouth To Write Out Runtime Data.
[[0;32m  OK  [0m] Started Create Volatile Files and Directories.
[[0;32m  OK  [0m] Started Set console font and keymap.
[[0;32m  OK  [0m] Started Initial cloud-init job (pre-networking).
[[0;32m  OK  [0m] Found device /dev/ttyS0.
[[0;32m  OK  [0m] Listening on Load/Save RF Kill Switch Status /dev/rfkill Watch.
[[0;32m  OK  [0m] Reached target Network (Pre).
[[0;32m  OK  [0m] Created slice system-getty.slice.
         Starting Update UTMP about System Boot/Shutdown...
[[0;32m  OK  [0m] Reached target System Time Synchronized.
[[0;32m  OK  [0m] Started LSB: AppArmor initialization.
[[0;32m  OK  [0m] Started Update UTMP about System Boot/Shutdown.
         Starting Raise network interfaces...
[[0;32m  OK  [0m] Started ifup for enp0s3.
[[0;32m  OK  [0m] Started Raise network interfaces.
[[0;32m  OK  [0m] Reached target Network.
         Starting Initial cloud-init job (metadata service crawler)...
[   48.818484] cloud-init[968]: Cloud-init v. 0.7.9 running 'init' at Fri, 19 Jan 2018 11:36:39 +0000. Up 48.37 seconds.
[[0;32m  OK  [0m] Started Initial cloud-init job (metadata service crawler).
[   48.931825] cloud-init[968]: ci-info: ++++++++++++++++++++++++++++++++++++++Net device info++++++++++++++++++++++++++++++++++++++
[   49.132717] cloud-init[968]: ci-info: +--------+-------+----------------------------+---------------+-------+-------------------+
[   49.260457] cloud-init[968]: ci-info: | Device |   Up  |          Address           |      Mask     | Scope |     Hw-Address    |
[[0;32m  OK  [0m] Reached target Network is Online.
[   49.396108] cloud-init[968]: ci-info: +--------+-------+----------------------------+---------------+-------+-------------------+
[   49.568984] cloud-init[968]: ci-info: |   lo   |  True |         127.0.0.1          |   255.0.0.0   |   .   |         .         |
         Starting iSCSI initiator daemon (iscsid)...
[[0;32m  OK  [0m] Reached target System Initialization.
[   49.697217] cloud-init[968]: ci-info: |   lo   |  True |          ::1/128           |       .       |  host |         .         |
[   49.921183] cloud-init[968]: ci-info: | enp0s8 | False |             .              |       .       |   .   | 08:00:27:4e:c1:c0 |
[[0;32m  OK  [0m] Started Timer to automatically refresh installed snaps.
[[0;32m  OK  [0m] Listening on D-Bus System Message Bus Socket.
[   50.057209] cloud-init[968]: ci-info: | enp0s3 |  True |         10.0.2.15          | 255.255.255.0 |   .   | 02:14:68:3e:84:47 |
[   50.276771] cloud-init[968]: ci-info: | enp0s3 |  True | fe80::14:68ff:fe3e:8447/64 |       .       |  link | 02:14:68:3e:84:47 |
[[   50.412300] cloud-init[968]: ci-info: +--------+-------+----------------------------+---------------+-------+-------------------+
[   50.412673] cloud-init[968]: ci-info: +++++++++++++++++++++++++++Route IPv4 info++++++++++++++++++++++++++++
[   50.412717] cloud-init[968]: ci-info: +-------+-------------+----------+---------------+-----------+-------+
[   50.412755] cloud-init[968]: ci-info: | Route | Destination | Gateway  |    Genmask    | Interface | Flags |
[   50.412792] cloud-init[968]: ci-info: +-------+-------------+----------+---------------+-----------+-------+
[   50.412832] cloud-init[968]: ci-info: |   0   |   0.0.0.0   | 10.0.2.2 |    0.0.0.0    |   enp0s3  |   UG  |
[   50.412868] cloud-init[968]: ci-info: |   1   |   10.0.2.0  | 0.0.0.0  | 255.255.255.0 |   enp0s3  |   U   |
[   50.412905] cloud-init[968]: ci-info: +-------+-------------+----------+---------------+-----------+-------+
[   50.413141] cloud-init[968]: Generating public/private rsa key pair.
[   50.413188] cloud-init[968]: Your identification has been saved in /etc/ssh/ssh_host_rsa_key.
[   50.413223] cloud-init[968]: Your public key has been saved in /etc/ssh/ssh_host_rsa_key.pub.
[   50.413259] cloud-init[968]: The key fingerprint is:
[   50.413298] cloud-init[968]: SHA256:q47h7UjPN/AoK4YgCgOzuKKulpS6xyK0PjD5Gm6KGTM root@ubuntu-xenial
[   50.413333] cloud-init[968]: The key's randomart image is:
[   50.413369] cloud-init[968]: +---[RSA 2048]----+
[   50.413404] cloud-init[968]: |                 |
[   50.413438] cloud-init[968]: |                 |
[   50.413472] cloud-init[968]: |                 |
[   50.413506] cloud-init[968]: |o                |
[   50.413540] cloud-init[968]: |o+.     S        |
[   50.413574] cloud-init[968]: |@+    .  .       |
[   50.413608] cloud-init[968]: |EBo o  +.        |
[   50.413646] cloud-init[968]: |@%*o.B..+        |
[   50.413681] cloud-init[968]: |^X..==B. .       |
[   50.413716] cloud-init[968]: +----[SHA256]-----+
[   50.413750] cloud-init[968]: Generating public/private dsa key pair.
[   50.413784] cloud-init[968]: Your identification has been saved in /etc/ssh/ssh_host_dsa_key.
[   50.413819] cloud-init[968]: Your public key has been saved in /etc/ssh/ssh_host_dsa_key.pub.
[   50.413853] cloud-init[968]: The key fingerprint is:
[   50.413888] cloud-init[968]: SHA256:QB7zNw4PJfrQF3uovXCF59uAV5M/zvNpQE2T20pEZgw root@ubuntu-xenial
[   50.413923] cloud-init[968]: The key's randomart image is:
[   50.413959] cloud-init[968]: +---[DSA 1024]----+
[   50.413995] cloud-init[968]: |      + . o E++ .|
[   50.414029] cloud-init[968]: |     o * o = oo= |
[   50.414064] cloud-init[968]: |      = = B +.* +|
[   50.414098] cloud-init[968]: |       + X B o.=.|
[   50.414132] cloud-init[968]: |        S * =. o.|
[   50.414168] cloud-init[968]: |         o o =+ .|
[   50.414202] cloud-init[968]: |          . . o+ |
[   50.414236] cloud-init[968]: |               .+|
[   50.414271] cloud-init[968]: |              ...|
[   50.414308] cloud-init[968]: +----[SHA256]-----+
[   50.414342] cloud-init[968]: Generating public/private ecdsa key pair.
[   50.414378] cloud-init[968]: Your identification has been saved in /etc/ssh/ssh_host_ecdsa_key.
[   50.414412] cloud-init[968]: Your public key has been saved in /etc/ssh/ssh_host_ecdsa_key.pub.
[   50.414490] cloud-init[968]: The key fingerprint is:
[   50.414526] cloud-init[968]: SHA256:OhOZFdU0GFVNbBhUzoolC5RNlttAlhN+1ukmMuOxLwo root@ubuntu-xenial
[   50.414559] cloud-init[968]: The key's randomart image is:
[   50.414590] cloud-init[968]: +---[ECDSA 256]---+
[   50.414621] cloud-init[968]: |        ..+@X*+Bo|
[   50.414651] cloud-init[968]: |         oo+B..+=|
[   50.414683] cloud-init[968]: |        . . o=+o+|
[   50.414714] cloud-init[968]: |       +   ..Bo. |
[   50.414748] cloud-init[968]: |      + S  =o..o |
[   50.414779] cloud-init[968]: |       o  . * o  |
[   50.414809] cloud-init[968]: |      +E   o     |
[   50.414841] cloud-init[968]: |       o.  ..    |
[   50.414871] cloud-init[968]: |         .. ..   |
[   50.414902] [0;32m  OK  [0m] Started Timer to automatically fetch and run repair assertions.
cloud-init[968]: +----[SHA256]-----+
         Starting LXD - unix socket.
[[0;32m  OK  [0m] Listening on ACPID Listen Socket.
[   53.494024] cloud-init[968]: Generating public/private ed25519 key pair.
[   53.632506] cloud-init[968]: Your identification has been saved in /etc/ssh/ssh_host_ed25519_key.
[[   53.716309] cloud-init[968]: Your public key has been saved in /etc/ssh/ssh_host_ed25519_key.pub.
[   53.716766] cloud-init[968]: The key fingerprint is:
[   53.716807] cloud-init[968]: SHA256:CGPlJySOqHLpRcUCUebJdLWeviiF9mieaxhzQBbXIDg root@ubuntu-xenial
[   53.716837] cloud-init[968]: The key's randomart image is:
[   53.716875] cloud-init[968]: +--[ED25519 256]--+
[   53.716907] cloud-init[968]: | .==B+=..        |
[   53.716953] cloud-init[968]: |E.oX.Oo  .       |
[   53.716986] cloud-init[968]: |.+. X.o o        |
[   53.717022] cloud-init[968]: |. .+ o = .       |
[   53.717051] cloud-init[968]: |o o.... S        |
[   53.717079] cloud-init[968]: |.oo.+ ..         |
[   53.717132] cloud-init[968]: |  .* +  .        |
[   53.717163] cloud-init[968]: |  . =... .       |
[   53.717407] cloud-init[968]: |   ++o. .        |
[   53.717448] cloud-init[968]: +----[SHA256]-----+
[0;32m  OK  [0m] Listening on UUID daemon activation socket.
[[0;32m  OK  [0m] Started Daily Cleanup of Temporary Directories.
[[0;32m  OK  [0m] Started Daily apt download activities.
[[0;32m  OK  [0m] Started Daily apt upgrade and clean activities.
[[0;32m  OK  [0m] Reached target Timers.
[[0;32m  OK  [0m] Started ACPI Events Check.
[[0;32m  OK  [0m] Reached target Paths.
         Starting Socket activation for snappy daemon.
[[0;32m  OK  [0m] Reached target Cloud-config availability.
[[0;32m  OK  [0m] Listening on LXD - unix socket.
[[0;32m  OK  [0m] Listening on Socket activation for snappy daemon.
[[0;32m  OK  [0m] Started iSCSI initiator daemon (iscsid).
         Starting Login to default iSCSI targets...
[[0;32m  OK  [0m] Reached target Sockets.
[[0;32m  OK  [0m] Reached target Basic System.
[[0;32m  OK  [0m] Started Regular background program processing daemon.
         Starting System Logging Service...
[[0;32m  OK  [0m] Started FUSE filesystem for LXC.
         Starting Login Service...
[[0;32m  OK  [0m] Started Deferred execution scheduler.
[[0;32m  OK  [0m] Started Unattended Upgrades Shutdown.
         Starting LSB: MD monitoring daemon...
         Starting /etc/rc.local Compatibility...
         Starting Accounts Service...
[[0;32m  OK  [0m] Started D-Bus System Message Bus.
         Starting Pollinate to seed the pseudo random number generator...
         Starting Snappy daemon...
         Starting Apply the settings specified in cloud-config...
         Starting LXD - container startup/shutdown...
[[0;32m  OK  [0m] Started ACPI event daemon.
         Starting LSB: Record successful boot for GRUB...
[[0;32m  OK  [0m] Started System Logging Service.
[[0;32m  OK  [0m] Started Snappy daemon.
[[0;32m  OK  [0m] Started /etc/rc.local Compatibility.
[[0;32m  OK  [0m] Started Pollinate to seed the pseudo random number generator.
[   56.237490] cloud-init[1143]: Generating locales (this might take a while)...
[[0;32m  OK  [0m] Started LXD - container startup/shutdown.
[[0;32m  OK  [0m] Started Login to default iSCSI targets.
[[0;32m  OK  [0m] Started LSB: MD monitoring daemon.
[[0;32m  OK  [0m] Started LSB: Record successful boot for GRUB.
[[0;32m  OK  [0m] Started Login Service.
         Starting Authenticate and Authorize Users to Run Privileged Tasks...
[[0;32m  OK  [0m] Reached target Remote File Systems (Pre).
[[0;32m  OK  [0m] Reached target Remote File Systems.
         Starting Permit User Sessions...
         Starting LSB: automatic crash report generation...
[   57.091207] cloud-init[1143]:   en_US.UTF-8... done
[   57.132452] cloud-init[1143]: Generation complete.
         Starting LSB: VirtualBox Linux Additions...
         Starting LSB: daemon to balance interrupts for SMP systems...
         Starting LSB: Set the CPU Frequency Scaling governor to "ondemand"...
         Starting OpenBSD Secure Shell server...
         Starting Auto import assertions from block devices...
[[0;32m  OK  [0m] Started OpenBSD Secure Shell server.
[[0;32m  OK  [0m] Started Permit User Sessions.
[[0;32m  OK  [0m] Started Auto import assertions from block devices.
[[0;32m  OK  [0m] Started Authenticate and Authorize Users to Run Privileged Tasks.
[[0;32m  OK  [0m] Started Accounts Service.
[[0;32m  OK  [0m] Started LSB: automatic crash report generation.
[[0;32m  OK  [0m] Started LSB: VirtualBox Linux Additions.
[[0;32m  OK  [0m] Started LSB: daemon to balance interrupts for SMP systems.
[[0;32m  OK  [0m] Started LSB: Set the CPU Frequency Scaling governor to "ondemand".
         Stopping OpenBSD Secure Shell server...
[[0;32m  OK  [0m] Created slice User Slice of ubuntu.
[[0;32m  OK  [0m] Started Session 1 of user ubuntu.
         Starting User Manager for UID 1000...
         Starting Hold until boot process finishes up...
         Starting Terminate Plymouth Boot Screen...
[[0;32m  OK  [0m] Started User Manager for UID 1000.
[[0;32m  OK  [0m] Stopped OpenBSD Secure Shell server.
[[0;32m  OK  [0m] Started Hold until boot process finishes up.
[[0;32m  OK  [0m] Started Terminate Plymouth Boot Screen.
         Starting Set console scheme...
[[0;32m  OK  [0m] Started Getty on tty1.
[[0;32m  OK  [0m] Started Serial Getty on ttyS0.
[[0;32m  OK  [0m] Reached target Login Prompts.
         Starting OpenBSD Secure Shell server...
[[0;32m  OK  [0m] Started OpenBSD Secure Shell server.
[[0;32m  OK  [0m] Started Set console scheme.
[[0;32m  OK  [0m] Reached target Multi-User System.
[[0;32m  OK  [0m] Reached target Graphical Interface.
         Starting Update UTMP about System Runlevel Changes...
[[0;32m  OK  [0m] Started Update UTMP about System Runlevel Changes.
[   59.277558] cloud-init[1143]: Cloud-init v. 0.7.9 running 'modules:config' at Fri, 19 Jan 2018 11:36:47 +0000. Up 56.10 seconds.
[[0;32m  OK  [0m] Started Apply the settings specified in cloud-config.
         Starting Execute cloud user/final scripts...
ci-info: no authorized ssh keys fingerprints found for user ubuntu.
<14>Jan 19 11:36:51 ec2: 
<14>Jan 19 11:36:51 ec2: #############################################################
<14>Jan 19 11:36:51 ec2: -----BEGIN SSH HOST KEY FINGERPRINTS-----
<14>Jan 19 11:36:51 ec2: 1024 SHA256:QB7zNw4PJfrQF3uovXCF59uAV5M/zvNpQE2T20pEZgw root@ubuntu-xenial (DSA)
<14>Jan 19 11:36:51 ec2: 256 SHA256:OhOZFdU0GFVNbBhUzoolC5RNlttAlhN+1ukmMuOxLwo root@ubuntu-xenial (ECDSA)
<14>Jan 19 11:36:51 ec2: 256 SHA256:CGPlJySOqHLpRcUCUebJdLWeviiF9mieaxhzQBbXIDg root@ubuntu-xenial (ED25519)
<14>Jan 19 11:36:51 ec2: 2048 SHA256:q47h7UjPN/AoK4YgCgOzuKKulpS6xyK0PjD5Gm6KGTM root@ubuntu-xenial (RSA)
<14>Jan 19 11:36:51 ec2: -----END SSH HOST KEY FINGERPRINTS-----
<14>Jan 19 11:36:51 ec2: #############################################################
-----BEGIN SSH HOST KEY KEYS-----
ecdsa-sha2-nistp256 AAAAE2VjZHNhLXNoYTItbmlzdHAyNTYAAAAIbmlzdHAyNTYAAABBBN1bw0fjQeM7u0BHYnePePgx3vL8Kv9F+4Wr+XEAaOPEWoHbgZG5wFJgJoDJHqvYD80aqprg1XdO2qJKqZ+wNAw= root@ubuntu-xenial
ssh-ed25519 AAAAC3NzaC1lZDI1NTE5AAAAIO1wbaC2FNcgzjG97YEgqYNtgzXwLkJW6aCwgvGTH30g root@ubuntu-xenial
ssh-rsa AAAAB3NzaC1yc2EAAAADAQABAAABAQDYVqYdAwG0vn6JcwvIqd7tToZxXd/zRNoe8HBCSPq6mHFgmktc2myRynzhW97mjnw08By00JALIX3CEwP/YLSTIRnkqPqGDhc5stl9BKfSc9LTmgbykgkhhZlYKGo2KgzDrFxKhvS+0x+TMVg04Y7ap3z911WOgVVvrwIziU2RglqtP2bftsfrm3W6+X8rY6McOwxOF8dkO/7SvqUfLG5c6l9TrHFXb/jf/WViJ5wzekd4NLt0Ew7jE0ql9v22sW1Gs0NDst0c1PerZhlFXiEpMSEno3HDJiHfo7t8SGXZH5zHbH9aJczf6oxjvFKK00ktwXYGHVu9dGbwCh71Q72r root@ubuntu-xenial
-----END SSH HOST KEY KEYS-----
         Stopping User Manager for UID 1000...
[   60.805152] cloud-init[1405]: Cloud-init v. 0.7.9 running 'modules:final' at Fri, 19 Jan 2018 11:36:51 +0000. Up 59.75 seconds.
[   60.936932] cloud-init[1405]: ci-info: no authorized ssh keys fingerprints found for user ubuntu.
[   60.937560] cloud-init[1405]: Cloud-init v. 0.7.9 finished at Fri, 19 Jan 2018 11:36:52 +0000. Datasource DataSourceNoCloud [seed=/dev/sdb][dsmode=net].  Up 60.79 seconds
[[0;32m  OK  [0m] Stopped User Manager for UID 1000.
[[0;32m  OK  [0m] Started Execute cloud user/final scripts.
[[0;32m  OK  [0m] Removed slice User Slice of ubuntu.
[[0;32m  OK  [0m] Reached target Cloud-init target.

Ubuntu 16.04.3 LTS ubuntu-xenial ttyS0

ubuntu-xenial login: 